ShopBanSach2/app/build/intermediates/manifest_merge_blame_file/debug/manifest-merger-blame-debug-report.txt
1<?xml version="1.0" encoding="utf-8"?>
2<manifest xmlns:android="http://schemas.android.com/apk/res/android"
3    package="com.example.shopbansach"
4    android:versionCode="1"
5    android:versionName="1.0" >
6
7    <uses-sdk
8        android:minSdkVersion="22"
8-->src\main\AndroidManifest.xml
9        android:targetSdkVersion="31" />
9-->src\main\AndroidManifest.xml
10
11    <uses-permission android:name="android.permission.ACCESS_NETWORK_STATE" />
11-->src\main\AndroidManifest.xml:5:5-79
11-->src\main\AndroidManifest.xml:5:22-76
12    <uses-permission android:name="android.permission.INTERNET" />
12-->src\main\AndroidManifest.xml:6:5-67
12-->src\main\AndroidManifest.xml:6:22-64
13
14    <application
14-->src\main\AndroidManifest.xml:8:5-58:19
15        android:allowBackup="true"
15-->src\main\AndroidManifest.xml:9:9-35
16        android:appComponentFactory="android.support.v4.app.CoreComponentFactory"
16-->[com.android.support:support-compat:28.0.0] AndroidManifest.xml:22:18-91
17        android:debuggable="true"
18        android:icon="@mipmap/ic_launcher"
18-->src\main\AndroidManifest.xml:10:9-43
19        android:label="@string/app_name"
19-->src\main\AndroidManifest.xml:11:9-41
20        android:networkSecurityConfig="@xml/network_security_config"
20-->src\main\AndroidManifest.xml:12:9-69
21        android:roundIcon="@mipmap/ic_launcher_round"
21-->src\main\AndroidManifest.xml:13:9-54
22        android:supportsRtl="true"
22-->src\main\AndroidManifest.xml:14:9-35
23        android:testOnly="true"
24        android:theme="@style/Theme.ShopBanSach" >
24-->src\main\AndroidManifest.xml:15:9-49
25        <activity
25-->src\main\AndroidManifest.xml:16:9-18:40
26            android:name="com.example.shopbansach.activity.ThongtinTaiKhoan"
26-->src\main\AndroidManifest.xml:17:13-54
27            android:exported="false" />
27-->src\main\AndroidManifest.xml:18:13-37
28        <activity
28-->src\main\AndroidManifest.xml:19:9-21:40
29            android:name="com.example.shopbansach.activity.Thongtinkhachhang"
29-->src\main\AndroidManifest.xml:20:13-55
30            android:exported="false" />
30-->src\main\AndroidManifest.xml:21:13-37
31        <activity
31-->src\main\AndroidManifest.xml:22:9-24:40
32            android:name="com.example.shopbansach.activity.Giohang"
32-->src\main\AndroidManifest.xml:23:13-45
33            android:exported="false" />
33-->src\main\AndroidManifest.xml:24:13-37
34        <activity
34-->src\main\AndroidManifest.xml:25:9-27:40
35            android:name="com.example.shopbansach.activity.DangKy"
35-->src\main\AndroidManifest.xml:26:13-44
36            android:exported="false" />
36-->src\main\AndroidManifest.xml:27:13-37
37        <activity
37-->src\main\AndroidManifest.xml:28:9-30:40
38            android:name="com.example.shopbansach.activity.TaiKhoanActivity"
38-->src\main\AndroidManifest.xml:29:13-54
39            android:exported="false" />
39-->src\main\AndroidManifest.xml:30:13-37
40        <activity
40-->src\main\AndroidManifest.xml:31:9-33:40
41            android:name="com.example.shopbansach.activity.Login"
41-->src\main\AndroidManifest.xml:32:13-43
42            android:exported="false" />
42-->src\main\AndroidManifest.xml:33:13-37
43        <activity
43-->src\main\AndroidManifest.xml:34:9-36:40
44            android:name="com.example.shopbansach.activity.Chitietsanpham"
44-->src\main\AndroidManifest.xml:35:13-52
45            android:exported="false" />
45-->src\main\AndroidManifest.xml:36:13-37
46        <activity
46-->src\main\AndroidManifest.xml:37:9-39:40
47            android:name="com.example.shopbansach.activity.LienHeActivity"
47-->src\main\AndroidManifest.xml:38:13-52
48            android:exported="false" />
48-->src\main\AndroidManifest.xml:39:13-37
49        <activity
49-->src\main\AndroidManifest.xml:40:9-42:40
50            android:name="com.example.shopbansach.activity.ThongBaoActivity"
50-->src\main\AndroidManifest.xml:41:13-54
51            android:exported="false" />
51-->src\main\AndroidManifest.xml:42:13-37
52        <activity
52-->src\main\AndroidManifest.xml:43:9-45:40
53            android:name="com.example.shopbansach.activity.VanHocActivity"
53-->src\main\AndroidManifest.xml:44:13-52
54            android:exported="false" />
54-->src\main\AndroidManifest.xml:45:13-37
55        <activity
55-->src\main\AndroidManifest.xml:46:9-48:40
56            android:name="com.example.shopbansach.activity.TruyenTranhActivity"
56-->src\main\AndroidManifest.xml:47:13-57
57            android:exported="false" />
57-->src\main\AndroidManifest.xml:48:13-37
58        <activity
58-->src\main\AndroidManifest.xml:49:9-57:20
59            android:name="com.example.shopbansach.activity.MainActivity"
59-->src\main\AndroidManifest.xml:50:13-50
60            android:exported="true" >
60-->src\main\AndroidManifest.xml:51:13-36
61            <intent-filter>
61-->src\main\AndroidManifest.xml:52:13-56:29
62                <action android:name="android.intent.action.MAIN" />
62-->src\main\AndroidManifest.xml:53:17-69
62-->src\main\AndroidManifest.xml:53:25-66
63
64                <category android:name="android.intent.category.LAUNCHER" />
64-->src\main\AndroidManifest.xml:55:17-77
64-->src\main\AndroidManifest.xml:55:27-74
65            </intent-filter>
66        </activity>
67
68        <provider
68-->[com.squareup.picasso:picasso:2.71828] AndroidManifest.xml:8:9-11:40
69            android:name="com.squareup.picasso.PicassoProvider"
69-->[com.squareup.picasso:picasso:2.71828] AndroidManifest.xml:9:13-64
70            android:authorities="com.example.shopbansach.com.squareup.picasso"
70-->[com.squareup.picasso:picasso:2.71828] AndroidManifest.xml:10:13-72
71            android:exported="false" />
71-->[com.squareup.picasso:picasso:2.71828] AndroidManifest.xml:11:13-37
72    </application>
73
74</manifest>